<?xml version='1.0' encoding='UTF-8'?>
<testsuite hostname="Viktor-MacBook-Pro-2.local" name="fpinscala.laziness.StreamSpec" tests="16" errors="0" failures="0" skipped="0" time="0.25" timestamp="2021-10-28T14:14:30">
          <properties>
      <property name="java.specification.version" value="15"/><property name="sun.jnu.encoding" value="UTF-8"/><property name="sun.arch.data.model" value="64"/><property name="java.vendor.url" value="https://openjdk.java.net/"/><property name="sun.boot.library.path" value="/usr/local/Cellar/openjdk/15.0.1/libexec/openjdk.jdk/Contents/Home/lib"/><property name="sun.java.command" value="/usr/local/Cellar/sbt/1.4.6/libexec/bin/sbt-launch.jar"/><property name="jdk.debug" value="release"/><property name="java.specification.vendor" value="Oracle Corporation"/><property name="java.version.date" value="2020-10-20"/><property name="java.home" value="/usr/local/Cellar/openjdk/15.0.1/libexec/openjdk.jdk/Contents/Home"/><property name="file.separator" value="/"/><property name="java.vm.compressedOopsMode" value="Zero based"/><property name="line.separator" value="
"/><property name="java.specification.name" value="Java Platform API Specification"/><property name="java.vm.specification.vendor" value="Oracle Corporation"/><property name="sun.management.compiler" value="HotSpot 64-Bit Tiered Compilers"/><property name="java.runtime.version" value="15.0.1+9"/><property name="user.name" value="viki"/><property name="log4j.ignoreTCL" value="true"/><property name="file.encoding" value="UTF-8"/><property name="jnidispatch.path" value="/Users/viki/Library/Caches/JNA/temp/jna15217752936918176706.tmp"/><property name="jna.loaded" value="true"/><property name="java.io.tmpdir" value="/var/folders/z5/cllp1h8x7yv4gp2p80c0f7g40000gn/T/"/><property name="java.version" value="15.0.1"/><property name="java.vm.specification.name" value="Java Virtual Machine Specification"/><property name="java.library.path" value="/Users/viki/Library/Java/Extensions:/Library/Java/Extensions:/Network/Library/Java/Extensions:/System/Library/Java/Extensions:/usr/lib/java:."/><property name="java.vendor" value="N/A"/><property name="scala.ext.dirs" value="/Users/viki/.sbt/0.13/java9-rt-ext-n_a_15_0_1"/><property name="sun.io.unicode.encoding" value="UnicodeBig"/><property name="java.class.path" value="/usr/local/Cellar/sbt/1.4.6/libexec/bin/sbt-launch.jar"/><property name="java.vm.vendor" value="Oracle Corporation"/><property name="jline.shutdownhook" value="false"/><property name="user.timezone" value="Europe/Prague"/><property name="java.vm.specification.version" value="15"/><property name="os.name" value="Mac OS X"/><property name="sun.java.launcher" value="SUN_STANDARD"/><property name="user.country" value="CZ"/><property name="sun.cpu.endian" value="little"/><property name="user.home" value="/Users/viki"/><property name="user.language" value="cs"/><property name="swoval.tmpdir" value="/Users/viki/.sbt/1.0"/><property name="jline.esc.timeout" value="0"/><property name="path.separator" value=":"/><property name="os.version" value="11.5.2"/><property name="jna.nosys" value="true"/><property name="java.runtime.name" value="OpenJDK Runtime Environment"/><property name="java.vm.name" value="OpenJDK 64-Bit Server VM"/><property name="jna.platform.library.path" value="/usr/lib:/usr/lib"/><property name="java.vendor.url.bug" value="https://bugreport.java.com/bugreport/"/><property name="user.dir" value="/Users/viki/Desktop/UNI/MASTER_cbs/3rdSemester/Advanced_Programming_Scala/2021-adpro/070-testing"/><property name="os.arch" value="x86_64"/><property name="java.vm.info" value="mixed mode, sharing"/><property name="java.vm.version" value="15.0.1+9"/><property name="java.class.version" value="59.0"/>
    </properties>
          <testcase classname="fpinscala.laziness.StreamSpec" name="headOption returns None on an empty Stream (01)" time="0.025">
                      
                    </testcase><testcase classname="fpinscala.laziness.StreamSpec" name="headOption returns the head of a singleton stream packaged in Some (02)" time="0.109">
                      
                    </testcase><testcase classname="fpinscala.laziness.StreamSpec" name="headOption returns the head of random stream packaged in Some (02)" time="0.035">
                      
                    </testcase><testcase classname="fpinscala.laziness.StreamSpec" name="headOption does not force the tail of the stream" time="0.003">
                      
                    </testcase><testcase classname="fpinscala.laziness.StreamSpec" name="take take does not force the tail or head of the stream" time="0.015">
                      
                    </testcase><testcase classname="fpinscala.laziness.StreamSpec" name="take take(n) does not force the (n+1)st head ever" time="0.01">
                      
                    </testcase><testcase classname="fpinscala.laziness.StreamSpec" name="take s.take(n).take(n) ==s.take(n) for any stream s and any n" time="0.007">
                      
                    </testcase><testcase classname="fpinscala.laziness.StreamSpec" name="drop s.drop(n).drop(m) ==s.drop(n+m) for any n, m" time="0.008">
                      
                    </testcase><testcase classname="fpinscala.laziness.StreamSpec" name="drop s.drop(n) does not force any of the dropped elements heads" time="0.002">
                      
                    </testcase><testcase classname="fpinscala.laziness.StreamSpec" name="map x.map(id) ==x for any stream. Here id is the identity function" time="0.006">
                      
                    </testcase><testcase classname="fpinscala.laziness.StreamSpec" name="map map terminates on infinite streams" time="0.003">
                      
                    </testcase><testcase classname="fpinscala.laziness.StreamSpec" name="append append to stream does not change its head" time="0.014">
                      
                    </testcase><testcase classname="fpinscala.laziness.StreamSpec" name="append appending empty stream should result in the same stream" time="0.001">
                      
                    </testcase><testcase classname="fpinscala.laziness.StreamSpec" name="append append should terminate when appending infinite stream" time="0.0">
                      
                    </testcase><testcase classname="fpinscala.laziness.StreamSpec" name="append appending two empty streams should result in empty stream" time="0.0">
                      
                    </testcase><testcase classname="fpinscala.laziness.StreamSpec" name="append by appending two streams of size k and l we get a stream of size (k + l)" time="0.012">
                      
                    </testcase>
          <system-out><![CDATA[]]></system-out>
          <system-err><![CDATA[]]></system-err>
        </testsuite>