<?xml version='1.0' encoding='UTF-8'?>
<testsuite hostname="Viktor-MBP-2.lan" name="adpro.ParSpec" tests="22" errors="0" failures="0" skipped="0" time="2.865" timestamp="2021-10-13T21:33:42">
          <properties>
      <property name="java.specification.version" value="15"/><property name="sun.jnu.encoding" value="UTF-8"/><property name="sun.arch.data.model" value="64"/><property name="java.vendor.url" value="https://openjdk.java.net/"/><property name="sun.boot.library.path" value="/usr/local/Cellar/openjdk/15.0.1/libexec/openjdk.jdk/Contents/Home/lib"/><property name="sun.java.command" value="/usr/local/Cellar/sbt/1.4.6/libexec/bin/sbt-launch.jar"/><property name="jdk.debug" value="release"/><property name="java.specification.vendor" value="Oracle Corporation"/><property name="java.version.date" value="2020-10-20"/><property name="java.home" value="/usr/local/Cellar/openjdk/15.0.1/libexec/openjdk.jdk/Contents/Home"/><property name="file.separator" value="/"/><property name="java.vm.compressedOopsMode" value="Zero based"/><property name="line.separator" value="
"/><property name="java.specification.name" value="Java Platform API Specification"/><property name="java.vm.specification.vendor" value="Oracle Corporation"/><property name="sun.management.compiler" value="HotSpot 64-Bit Tiered Compilers"/><property name="java.runtime.version" value="15.0.1+9"/><property name="user.name" value="viki"/><property name="log4j.ignoreTCL" value="true"/><property name="file.encoding" value="UTF-8"/><property name="jnidispatch.path" value="/Users/viki/Library/Caches/JNA/temp/jna122139035525197720.tmp"/><property name="jna.loaded" value="true"/><property name="java.io.tmpdir" value="/var/folders/z5/cllp1h8x7yv4gp2p80c0f7g40000gn/T/"/><property name="java.version" value="15.0.1"/><property name="java.vm.specification.name" value="Java Virtual Machine Specification"/><property name="java.library.path" value="/Users/viki/Library/Java/Extensions:/Library/Java/Extensions:/Network/Library/Java/Extensions:/System/Library/Java/Extensions:/usr/lib/java:."/><property name="java.vendor" value="N/A"/><property name="scala.ext.dirs" value="/Users/viki/.sbt/0.13/java9-rt-ext-n_a_15_0_1"/><property name="sun.io.unicode.encoding" value="UnicodeBig"/><property name="java.class.path" value="/usr/local/Cellar/sbt/1.4.6/libexec/bin/sbt-launch.jar"/><property name="java.vm.vendor" value="Oracle Corporation"/><property name="jline.shutdownhook" value="false"/><property name="user.timezone" value="Europe/Prague"/><property name="java.vm.specification.version" value="15"/><property name="os.name" value="Mac OS X"/><property name="sun.java.launcher" value="SUN_STANDARD"/><property name="user.country" value="CZ"/><property name="sun.cpu.endian" value="little"/><property name="user.home" value="/Users/viki"/><property name="user.language" value="cs"/><property name="swoval.tmpdir" value="/Users/viki/.sbt/1.0"/><property name="jline.esc.timeout" value="0"/><property name="path.separator" value=":"/><property name="os.version" value="11.5.2"/><property name="jna.nosys" value="true"/><property name="java.runtime.name" value="OpenJDK Runtime Environment"/><property name="java.vm.name" value="OpenJDK 64-Bit Server VM"/><property name="jna.platform.library.path" value="/usr/lib:/usr/lib"/><property name="java.vendor.url.bug" value="https://bugreport.java.com/bugreport/"/><property name="user.dir" value="/Users/viki/Desktop/UNI/MASTER_cbs/3rdSemester/Advanced_Programming_Scala/2021-adpro/060-par"/><property name="os.arch" value="x86_64"/><property name="java.vm.info" value="mixed mode, sharing"/><property name="java.vm.version" value="15.0.1+9"/><property name="java.class.version" value="59.0"/>
    </properties>
          <testcase classname="adpro.ParSpec" name="Exercise 10 (extension methods) An extension for map is created (we only test types)" time="0.011">
                      
                    </testcase><testcase classname="adpro.ParSpec" name="Exercise 10 (extension methods) An extension for map2 is created (we only test types)" time="0.0">
                      
                    </testcase><testcase classname="adpro.ParSpec" name="Exercise 10 (extension methods) An extension for chooser is created (we only test types)" time="0.0">
                      
                    </testcase><testcase classname="adpro.ParSpec" name="Exercise 9 (join) join really joins (the test is a bit weak)" time="0.112">
                      
                    </testcase><testcase classname="adpro.ParSpec" name="Exercise 8 (chooser) chooser returns the right computation" time="0.128">
                      
                    </testcase><testcase classname="adpro.ParSpec" name="Exercise 8 (chooser) choiceN2 returns the right computation" time="0.003">
                      
                    </testcase><testcase classname="adpro.ParSpec" name="Exercise 8 (chooser) choice2 returns the right computation" time="0.005">
                      
                    </testcase><testcase classname="adpro.ParSpec" name="Exercise 7 (choiceN, choice) choiceN returns the right computation" time="0.009">
                      
                    </testcase><testcase classname="adpro.ParSpec" name="Exercise 7 (choiceN, choice) choice returns the right computation" time="0.005">
                      
                    </testcase><testcase classname="adpro.ParSpec" name="Exercise 6 (parFilter) parFilter does not force the computation" time="0.001">
                      
                    </testcase><testcase classname="adpro.ParSpec" name="Exercise 6 (parFilter) parFilter does not wait eagerly for completion" time="0.002">
                      
                    </testcase><testcase classname="adpro.ParSpec" name="Exercise 6 (parFilter) parFilter tries all the elements" time="0.001">
                      
                    </testcase><testcase classname="adpro.ParSpec" name="Exercise 6 (parFilter) parFilter runs the elements in parallel" time="0.001">
                      
                    </testcase><testcase classname="adpro.ParSpec" name="Exercise 6 (parFilter) parFilter is functionally equivalent to filter" time="0.337">
                      
                    </testcase><testcase classname="adpro.ParSpec" name="Exercise 5 (wget) This is not a test, but an easy way to run your function (prints first line from up to 100 chars from 3 websites)" time="1.509">
                      
                    </testcase><testcase classname="adpro.ParSpec" name="Exercise 4 (sequence) sequence does not force the computation" time="0.001">
                      
                    </testcase><testcase classname="adpro.ParSpec" name="Exercise 4 (sequence) sequence does not wait eagerly for completion" time="0.263">
                      
                    </testcase><testcase classname="adpro.ParSpec" name="Exercise 4 (sequence) sequence does not loose any elements" time="0.265">
                      
                    </testcase><testcase classname="adpro.ParSpec" name="Exercise 4 (sequence) sequence still runs elements in parallel" time="0.105">
                      
                    </testcase><testcase classname="adpro.ParSpec" name="Exercise 4 (sequence) sequence runs map in parallel (composes with map)" time="0.056">
                      
                    </testcase><testcase classname="adpro.ParSpec" name="Exercise 2 (asyncF) asyncF is lazy" time="0.0">
                      
                    </testcase><testcase classname="adpro.ParSpec" name="Exercise 2 (asyncF) asyncF makes a function that runs in parallel" time="0.051">
                      
                    </testcase>
          <system-out><![CDATA[]]></system-out>
          <system-err><![CDATA[]]></system-err>
        </testsuite>